{"C:\\Users\\HP\\Documents\\Africa Agility Main\\Backend Testing by George wk5day2\\app.js": {"path":"C:\\Users\\HP\\Documents\\Africa Agility Main\\Backend Testing by George wk5day2\\app.js","statementMap":{"0":{"start":{"line":1,"column":16},"end":{"line":1,"column":35}},"1":{"start":{"line":3,"column":12},"end":{"line":3,"column":21}},"2":{"start":{"line":5,"column":0},"end":{"line":13,"column":3}},"3":{"start":{"line":6,"column":18},"end":{"line":10,"column":5}},"4":{"start":{"line":12,"column":4},"end":{"line":12,"column":20}},"5":{"start":{"line":15,"column":0},"end":{"line":15,"column":21}}},"fnMap":{"0":{"name":"(anonymous_0)","decl":{"start":{"line":5,"column":18},"end":{"line":5,"column":19}},"loc":{"start":{"line":5,"column":32},"end":{"line":13,"column":1}},"line":5}},"branchMap":{},"s":{"0":1,"1":1,"2":1,"3":1,"4":1,"5":1},"f":{"0":1},"b":{},"_coverageSchema":"1a1c01bbd47fc00a2c39e90264f33305004495a9","hash":"adc826283b5ec23c282c8bb60df1338fd33bfac3"}
,"C:\\Users\\HP\\Documents\\Africa Agility Main\\Backend Testing by George wk5day2\\addition\\sum.js": {"path":"C:\\Users\\HP\\Documents\\Africa Agility Main\\Backend Testing by George wk5day2\\addition\\sum.js","statementMap":{"0":{"start":{"line":2,"column":4},"end":{"line":2,"column":17}},"1":{"start":{"line":4,"column":0},"end":{"line":4,"column":21}}},"fnMap":{"0":{"name":"sum","decl":{"start":{"line":1,"column":9},"end":{"line":1,"column":12}},"loc":{"start":{"line":1,"column":19},"end":{"line":3,"column":1}},"line":1}},"branchMap":{},"s":{"0":1,"1":1},"f":{"0":1},"b":{},"_coverageSchema":"1a1c01bbd47fc00a2c39e90264f33305004495a9","hash":"f129723b926b42ed1bb20628cba3dd175f342039"}
,"C:\\Users\\HP\\Documents\\Africa Agility Main\\Backend Testing by George wk5day2\\subtraction\\subtract.js": {"path":"C:\\Users\\HP\\Documents\\Africa Agility Main\\Backend Testing by George wk5day2\\subtraction\\subtract.js","statementMap":{"0":{"start":{"line":2,"column":4},"end":{"line":2,"column":17}},"1":{"start":{"line":4,"column":0},"end":{"line":4,"column":26}}},"fnMap":{"0":{"name":"subtract","decl":{"start":{"line":1,"column":9},"end":{"line":1,"column":17}},"loc":{"start":{"line":1,"column":24},"end":{"line":3,"column":1}},"line":1}},"branchMap":{},"s":{"0":1,"1":1},"f":{"0":1},"b":{},"_coverageSchema":"1a1c01bbd47fc00a2c39e90264f33305004495a9","hash":"7052e804f5d74d4dedc10a8335afd2699c382189"}
}
